2025-07-11 17:18:20.728 | INFO     | utils_logger:<module>:41 - Logging to file: logs\project_log.log
2025-07-11 17:18:20.729 | INFO     | __main__:main:97 - Starting CSV fetch demonstration...
2025-07-11 17:18:20.729 | INFO     | __main__:fetch_csv_file:56 - Fetching CSV data from https://raw.githubusercontent.com/MainakRepositor/Datasets/master/World%20Happiness%20Data/2020.csv...
2025-07-11 17:18:21.900 | INFO     | __main__:write_csv_file:80 - Writing CSV data to example_data\2020_happiness.csv...
2025-07-11 17:18:21.903 | INFO     | __main__:write_csv_file:84 - SUCCESS: CSV data written to example_data\2020_happiness.csv
2025-07-11 17:18:21.905 | INFO     | __main__:fetch_csv_file:60 - SUCCESS: CSV file fetched and saved as 2020_happiness.csv
2025-07-11 17:18:46.142 | INFO     | utils_logger:<module>:41 - Logging to file: logs\project_log.log
2025-07-11 17:18:46.143 | INFO     | __main__:main:97 - Starting Excel fetch demonstration...
2025-07-11 17:18:46.143 | INFO     | __main__:fetch_excel_file:56 - Fetching Excel data from https://raw.githubusercontent.com/denisecase/datafun-03-analytics/main/hosted/Feedback.xlsx...
2025-07-11 17:18:46.437 | INFO     | __main__:write_excel_file:80 - Writing Excel data to example_data\Feedback.xlsx...
2025-07-11 17:18:46.440 | INFO     | __main__:write_excel_file:84 - SUCCESS: Excel data written to example_data\Feedback.xlsx
2025-07-11 17:18:46.441 | INFO     | __main__:fetch_excel_file:60 - SUCCESS: Excel file fetched and saved as Feedback.xlsx
2025-07-11 17:19:24.283 | INFO     | utils_logger:<module>:41 - Logging to file: logs\project_log.log
2025-07-11 17:19:24.284 | INFO     | __main__:main:98 - Starting JSON fetch demonstration...
2025-07-11 17:19:24.284 | INFO     | __main__:fetch_json_file:57 - Fetching JSON data from http://api.open-notify.org/astros.json...
2025-07-11 17:19:40.438 | INFO     | __main__:write_json_file:81 - Writing JSON data to example_data\astros.json...
2025-07-11 17:19:40.457 | INFO     | __main__:write_json_file:85 - SUCCESS: JSON data written to example_data\astros.json
2025-07-11 17:19:40.458 | INFO     | __main__:fetch_json_file:61 - SUCCESS: JSON file fetched and saved as astros.json
2025-07-11 17:19:49.151 | INFO     | utils_logger:<module>:41 - Logging to file: logs\project_log.log
2025-07-11 17:19:49.152 | INFO     | __main__:main:97 - Starting text fetch demonstration...
2025-07-11 17:19:49.152 | INFO     | __main__:fetch_txt_file:56 - Fetching text data from https://raw.githubusercontent.com/denisecase/datafun-03-analytics/main/hosted/romeo.txt...
2025-07-11 17:19:50.786 | INFO     | __main__:write_txt_file:80 - Writing data to example_data\romeo.txt...
2025-07-11 17:19:50.791 | INFO     | __main__:write_txt_file:84 - SUCCESS: Data written to example_data\romeo.txt
2025-07-11 17:19:50.791 | INFO     | __main__:fetch_txt_file:60 - SUCCESS: Text file fetched and saved as romeo.txt
